last_remove_count: 136
requests_count: 520
unused_writes:
	DB:testTable:name:cjkDBModPy1:age:6939:10
	S3W:spot-mr-bkt:job4000/jobdata:13
	S3W:spot-mr-bkt:job4000/jobinfo.json:16
	DB:triggerTable:name:bcb1:age:17:34
	S3W:spot-mr-bkt:job4000/reducerstate.1:409
	S3W:spot-mr-bkt:job4000/result:440
unused_writes: 6
total_order:
0:FN:driver:e5e9fcda-8077-11e7-a327-8fb02064ea25:Names.FN:20779:0:0
1:S3R:big-data-benchmark:pavlo/text/1node/uservisits/:Names.S3R:0:802:20298
2:FN:SNSPy:e666a684-8077-11e7-b856-cf11914a0194:Names.FN:604:0:0
3:FN:S3ModPy:e6d40ec7-8077-11e7-98bb-172f485f0506:Names.FN:1438:0:0
4:SN:us-west-2:443592014519:testtopic:zoego:Message:1:Names.SNS:0:459:559
5:S3W:cjklambdatrigger:PythonLambda/todo1.txt:Names.S3W:0:475:1370
6:FN:DBModPy:e748a21a-8077-11e7-9c08-2f6f0bbbefdf:Names.FN:1188:0:0
7:S3R:cjklambdatrigger:PythonLambda/todo1.txt:Names.S3R:0:1134:711
8:DB:testTable::{'name': 'cjkDBModPy1'}:Names.DBR:0:563:1000
9:FN:DBModPy:e7aeb7b6-8077-11e7-a2b6-21ce2c66ace4:Names.FN:1103:0:0
10:DB:testTable:name:cjkDBModPy1:age:6939:Names.DBW:0:1139:424
11:DB:triggerTable::{'name': 'cjkDBModPy1'}:Names.DBR:0:477:999
12:FN:FnInvokerPy:e8120d8d-8077-11e7-9ee7-a192dc6f5b1d:Names.FN:908:0:0
13:S3W:spot-mr-bkt:job4000/jobdata:Names.S3W:0:3838:17262
14:DB:triggerTable:name:cjkDBModPy1:age:11831:Names.DBW:0:1096:380
15:INV:arn:aws:lambda:us-west-2:443592014519:function:DBModPy:Names.INV:0:495:745
16:S3W:spot-mr-bkt:job4000/jobinfo.json:Names.S3W:0:4318:16782
17:FN:FnInvokerPy:e88baa30-8077-11e7-88e4-1f6dc9b15c3d:Names.FN:879:0:0
18:FN:DBModPy:ec5de7e8-8077-11e7-8c22-7da055bce6de:Names.FN:1117:1446:0
19:INV:arn:aws:lambda:us-west-2:443592014519:function:SpotTemplatePy:Names.INV:0:517:939
20:INV:mapper:Names.INV:0:4859:16241
21:FN:SpotTemplatePy:e8f2d063-8077-11e7-98bb-172f485f0506:Names.FN:1028:0:0
22:DB:triggerTable::{'name': 'cjkFInfPy13131'}:Names.DBR:0:351:1095
23:INV:mapper:Names.INV:0:5601:15499
24:DB:triggerTable:name:cjkFInfPy13131:age:24461:Names.DBW:0:1068:378
25:INV:arn:aws:lambda:us-west-2:443592014519:function:DBModPy:Names.INV:0:761:564
26:FN:mapper:ece31d5c-8077-11e7-a1d7-6df68fe0a136:Names.FN:86682:86727:0
27:S3R:big-data-benchmark:pavlo/text/1node/uservisits/part-00196:Names.S3R:0:63:86664
28:INV:mapper:Names.INV:0:6424:14676
29:FN:DBModPy:ed76d190-8077-11e7-ac5c-35109478a3ed:Names.FN:1074:1337:0
30:FN:mapper:ed5455bf-8077-11e7-a290-87a8b5b680b8:Names.FN:92964:93000:0
31:S3R:big-data-benchmark:pavlo/text/1node/uservisits/part-00000:Names.S3R:0:44:92956
32:DB:triggerTable::{'name': 'bcb1'}:Names.DBR:0:416:921
33:INV:mapper:Names.INV:0:7002:14098
34:DB:triggerTable:name:bcb1:age:17:Names.DBW:0:1000:337
35:INV:mapper:Names.INV:0:7859:13241
36:FN:mapper:edbf9a29-8077-11e7-af7a-c19ceb73ea1c:Names.FN:102992:103025:0
37:S3R:big-data-benchmark:pavlo/text/1node/uservisits/part-00007:Names.S3R:0:42:102983
38:FN:SpotTemplatePy:eacdaa8c-8077-11e7-b25c-db6bf56c6036:Names.FN:386:681:0
39:FN:mapper:ee275c96-8077-11e7-869a-3ffd5000fc1d:Names.FN:113152:113198:0
40:S3R:big-data-benchmark:pavlo/text/1node/uservisits/part-00014:Names.S3R:0:53:113145
41:INV:mapper:Names.INV:0:8361:12739
42:FN:SpotTemplatePy:eb1b5594-8077-11e7-8f0c-9181c0272009:Names.FN:119:481:0
43:INV:mapper:Names.INV:0:9040:12060
44:FN:mapper:ee95129c-8077-11e7-b588-356792dc7c22:Names.FN:109345:109383:0
45:S3R:big-data-benchmark:pavlo/text/1node/uservisits/part-00021:Names.S3R:0:48:109335
46:FN:mapper:eeedba23-8077-11e7-a38d-85404ed2850a:Names.FN:122550:122589:0
47:S3R:big-data-benchmark:pavlo/text/1node/uservisits/part-00028:Names.S3R:0:42:122547
48:INV:mapper:Names.INV:0:9680:11420
49:INV:mapper:Names.INV:0:10221:10879
50:FN:mapper:ef51abbd-8077-11e7-ad19-11dcccd2e99d:Names.FN:98509:98560:0
51:S3R:big-data-benchmark:pavlo/text/1node/uservisits/part-00035:Names.S3R:0:70:98490
52:INV:mapper:Names.INV:0:10662:10438
53:FN:mapper:efa9de1d-8077-11e7-bd26-03861b9f6730:Names.FN:100148:100186:0
54:S3R:big-data-benchmark:pavlo/text/1node/uservisits/part-00042:Names.S3R:0:45:100141
55:INV:mapper:Names.INV:0:11260:9840
56:FN:SpotTemplatePy:ecd9f517-8077-11e7-83f9-175669bddf2f:Names.FN:158:519:0
57:FN:mapper:effc6aeb-8077-11e7-85d7-63acdafb17d3:Names.FN:91148:91201:0
58:S3R:big-data-benchmark:pavlo/text/1node/uservisits/part-00049:Names.S3R:0:69:91132
59:FN:SpotTemplatePy:70f77428-f30b-4eda-acb1-e184aaa3cfff:Names.FN:358:581:0
60:FN:mapper:f04952e5-8077-11e7-873a-1fc70f58000a:Names.FN:100215:100240:0
61:S3R:big-data-benchmark:pavlo/text/1node/uservisits/part-00056:Names.S3R:0:32:100208
62:INV:mapper:Names.INV:0:11878:9222
63:INV:mapper:Names.INV:0:12462:8638
64:FN:mapper:f09e77e0-8077-11e7-a173-6f7d1160b20c:Names.FN:99039:99080:0
65:S3R:big-data-benchmark:pavlo/text/1node/uservisits/part-00063:Names.S3R:0:49:99031
66:INV:mapper:Names.INV:0:12982:8118
67:FN:mapper:f1001f43-8077-11e7-b81c-b5db57e96aa4:Names.FN:110535:110568:0
68:S3R:big-data-benchmark:pavlo/text/1node/uservisits/part-00070:Names.S3R:0:40:110528
69:FN:SpotTemplatePy:3dde54c0-c656-473b-ba22-69c25b1ccce5:Names.FN:47:318:0
70:INV:mapper:Names.INV:0:13580:7520
71:FN:mapper:f15b8655-8077-11e7-b61c-1f5eaed9ca60:Names.FN:97884:97932:0
72:S3R:big-data-benchmark:pavlo/text/1node/uservisits/part-00077:Names.S3R:0:66:97866
73:INV:mapper:Names.INV:0:14122:6978
74:FN:mapper:f1a3b278-8077-11e7-9c82-b520e393c489:Names.FN:87395:87441:0
75:S3R:big-data-benchmark:pavlo/text/1node/uservisits/part-00084:Names.S3R:0:52:87389
76:INV:mapper:Names.INV:0:14581:6519
77:INV:mapper:Names.INV:0:15079:6021
78:FN:mapper:f1fd1cfb-8077-11e7-bfa5-c52c6d28f052:Names.FN:96539:96628:0
79:S3R:big-data-benchmark:pavlo/text/1node/uservisits/part-00091:Names.S3R:0:102:96526
80:FN:mapper:f252dde4-8077-11e7-abd4-7be7c9ad58f8:Names.FN:101845:101885:0
81:S3R:big-data-benchmark:pavlo/text/1node/uservisits/part-00098:Names.S3R:0:47:101838
82:INV:mapper:Names.INV:0:15621:5479
83:INV:mapper:Names.INV:0:16099:5001
84:FN:mapper:f2995ca3-8077-11e7-b7f8-93908a84ed4d:Names.FN:99230:99260:0
85:S3R:big-data-benchmark:pavlo/text/1node/uservisits/part-00105:Names.S3R:0:45:99215
86:FN:mapper:f2dc0ae9-8077-11e7-94b8-731d00ecfee7:Names.FN:86910:86941:0
87:S3R:big-data-benchmark:pavlo/text/1node/uservisits/part-00112:Names.S3R:0:35:86906
88:INV:mapper:Names.INV:0:16559:4541
89:INV:mapper:Names.INV:0:16962:4138
90:FN:mapper:f37b0ab0-8077-11e7-bd96-3f055e2ef95b:Names.FN:100973:101025:0
91:FN:mapper:f33464bb-8077-11e7-859c-d9986172562b:Names.FN:93675:93716:0
92:S3R:big-data-benchmark:pavlo/text/1node/uservisits/part-00126:Names.S3R:0:62:100963
93:S3R:big-data-benchmark:pavlo/text/1node/uservisits/part-00119:Names.S3R:0:51:93665
94:INV:mapper:Names.INV:0:17440:3660
95:FN:mapper:f3be551f-8077-11e7-9f4a-ad8a6e1c9778:Names.FN:116851:116883:0
96:S3R:big-data-benchmark:pavlo/text/1node/uservisits/part-00133:Names.S3R:0:41:116842
97:INV:mapper:Names.INV:0:17919:3181
98:FN:mapper:f3fe1cfa-8077-11e7-b137-b3bbd89ed706:Names.FN:97270:97316:0
99:S3R:big-data-benchmark:pavlo/text/1node/uservisits/part-00140:Names.S3R:0:47:97269
100:INV:mapper:Names.INV:0:18342:2758
101:INV:mapper:Names.INV:0:18840:2260
102:FN:mapper:f44a6855-8077-11e7-8c4e-63365a5d6c3f:Names.FN:82419:82460:0
103:S3R:big-data-benchmark:pavlo/text/1node/uservisits/part-00147:Names.S3R:0:55:82405
104:FN:mapper:f4907296-8077-11e7-99d4-7fa15677a7fa:Names.FN:107457:107493:0
105:S3R:big-data-benchmark:pavlo/text/1node/uservisits/part-00154:Names.S3R:0:43:107450
106:S3R:big-data-benchmark:pavlo/text/1node/uservisits/part-00001:Names.S3R:0:12191:80809
107:INV:mapper:Names.INV:0:19461:1639
108:FN:mapper:f4d6c98e-8077-11e7-a2b6-d36981aa0140:Names.FN:107224:107270:0
109:S3R:big-data-benchmark:pavlo/text/1node/uservisits/part-00161:Names.S3R:0:56:107214
110:INV:mapper:Names.INV:0:20000:1100
111:FN:mapper:f5325788-8077-11e7-9421-5167c2aaad35:Names.FN:93958:93992:0
112:S3R:big-data-benchmark:pavlo/text/1node/uservisits/part-00168:Names.S3R:0:42:93950
113:S3R:big-data-benchmark:pavlo/text/1node/uservisits/part-00197:Names.S3R:0:13832:72895
114:INV:mapper:Names.INV:0:20579:521
115:S3R:big-data-benchmark:pavlo/text/1node/uservisits/part-00050:Names.S3R:0:8996:82205
116:FN:mapper:f583d2d9-8077-11e7-9c96-0ff02a6a0fee:Names.FN:94929:94971:0
117:S3R:big-data-benchmark:pavlo/text/1node/uservisits/part-00175:Names.S3R:0:56:94915
118:FN:mapper:f5d3a012-8077-11e7-82d9-5df72d6c2013:Names.FN:89943:89968:0
119:S3R:big-data-benchmark:pavlo/text/1node/uservisits/part-00182:Names.S3R:0:32:89936
120:FN:mapper:f62c6ebd-8077-11e7-8d8e-858d503c098d:Names.FN:93335:93373:0
121:S3R:big-data-benchmark:pavlo/text/1node/uservisits/part-00189:Names.S3R:0:45:93328
122:S3R:big-data-benchmark:pavlo/text/1node/uservisits/part-00036:Names.S3R:0:11978:86582
123:S3R:big-data-benchmark:pavlo/text/1node/uservisits/part-00015:Names.S3R:0:14710:98488
124:S3R:big-data-benchmark:pavlo/text/1node/uservisits/part-00043:Names.S3R:0:13293:86893
125:S3R:big-data-benchmark:pavlo/text/1node/uservisits/part-00008:Names.S3R:0:16753:86272
126:S3R:big-data-benchmark:pavlo/text/1node/uservisits/part-00099:Names.S3R:0:10070:91815
127:S3R:big-data-benchmark:pavlo/text/1node/uservisits/part-00022:Names.S3R:0:16173:93210
128:S3R:big-data-benchmark:pavlo/text/1node/uservisits/part-00029:Names.S3R:0:15852:106737
129:S3R:big-data-benchmark:pavlo/text/1node/uservisits/part-00085:Names.S3R:0:12256:75185
130:S3R:big-data-benchmark:pavlo/text/1node/uservisits/part-00113:Names.S3R:0:10482:76459
131:S3R:big-data-benchmark:pavlo/text/1node/uservisits/part-00064:Names.S3R:0:14653:84427
132:S3R:big-data-benchmark:pavlo/text/1node/uservisits/part-00057:Names.S3R:0:16075:84165
133:S3R:big-data-benchmark:pavlo/text/1node/uservisits/part-00078:Names.S3R:0:14143:83789
134:S3R:big-data-benchmark:pavlo/text/1node/uservisits/part-00092:Names.S3R:0:13787:82841
135:S3R:big-data-benchmark:pavlo/text/1node/uservisits/part-00106:Names.S3R:0:12944:86316
136:S3R:big-data-benchmark:pavlo/text/1node/uservisits/part-00120:Names.S3R:0:12404:81312
137:S3R:big-data-benchmark:pavlo/text/1node/uservisits/part-00071:Names.S3R:0:16617:93951
138:S3R:big-data-benchmark:pavlo/text/1node/uservisits/part-00141:Names.S3R:0:12290:85026
139:S3R:big-data-benchmark:pavlo/text/1node/uservisits/part-00002:Names.S3R:0:24661:68339
140:S3R:big-data-benchmark:pavlo/text/1node/uservisits/part-00134:Names.S3R:0:13750:103133
141:S3R:big-data-benchmark:pavlo/text/1node/uservisits/part-00051:Names.S3R:0:20026:71175
142:S3R:big-data-benchmark:pavlo/text/1node/uservisits/part-00127:Names.S3R:0:14501:86524
143:S3R:big-data-benchmark:pavlo/text/1node/uservisits/part-00148:Names.S3R:0:14498:67962
144:S3R:big-data-benchmark:pavlo/text/1node/uservisits/part-00169:Names.S3R:0:14289:79703
145:S3R:big-data-benchmark:pavlo/text/1node/uservisits/part-00190:Names.S3R:0:13352:80021
146:S3R:big-data-benchmark:pavlo/text/1node/uservisits/part-00198:Names.S3R:0:29032:57695
147:S3R:big-data-benchmark:pavlo/text/1node/uservisits/part-00037:Names.S3R:0:24810:73750
148:S3R:big-data-benchmark:pavlo/text/1node/uservisits/part-00155:Names.S3R:0:17319:90174
149:S3R:big-data-benchmark:pavlo/text/1node/uservisits/part-00016:Names.S3R:0:28799:84399
150:S3R:big-data-benchmark:pavlo/text/1node/uservisits/part-00183:Names.S3R:0:15973:73995
151:S3R:big-data-benchmark:pavlo/text/1node/uservisits/part-00176:Names.S3R:0:16990:77981
152:S3R:big-data-benchmark:pavlo/text/1node/uservisits/part-00162:Names.S3R:0:18133:89137
153:S3R:big-data-benchmark:pavlo/text/1node/uservisits/part-00086:Names.S3R:0:23730:63711
154:S3R:big-data-benchmark:pavlo/text/1node/uservisits/part-00114:Names.S3R:0:21663:65278
155:S3R:big-data-benchmark:pavlo/text/1node/uservisits/part-00044:Names.S3R:0:27523:72663
156:S3R:big-data-benchmark:pavlo/text/1node/uservisits/part-00009:Names.S3R:0:31691:71334
157:S3R:big-data-benchmark:pavlo/text/1node/uservisits/part-00065:Names.S3R:0:27893:71187
158:S3R:big-data-benchmark:pavlo/text/1node/uservisits/part-00100:Names.S3R:0:25622:76263
159:S3R:big-data-benchmark:pavlo/text/1node/uservisits/part-00023:Names.S3R:0:31758:77625
160:S3R:big-data-benchmark:pavlo/text/1node/uservisits/part-00058:Names.S3R:0:29502:70738
161:S3R:big-data-benchmark:pavlo/text/1node/uservisits/part-00107:Names.S3R:0:25361:73899
162:S3R:big-data-benchmark:pavlo/text/1node/uservisits/part-00072:Names.S3R:0:28266:82302
163:S3R:big-data-benchmark:pavlo/text/1node/uservisits/part-00030:Names.S3R:0:32150:90439
164:S3R:big-data-benchmark:pavlo/text/1node/uservisits/part-00079:Names.S3R:0:28858:69074
165:S3R:big-data-benchmark:pavlo/text/1node/uservisits/part-00121:Names.S3R:0:25898:67818
166:S3R:big-data-benchmark:pavlo/text/1node/uservisits/part-00052:Names.S3R:0:31896:59305
167:S3R:big-data-benchmark:pavlo/text/1node/uservisits/part-00093:Names.S3R:0:28495:68133
168:S3R:big-data-benchmark:pavlo/text/1node/uservisits/part-00149:Names.S3R:0:25571:56889
169:S3R:big-data-benchmark:pavlo/text/1node/uservisits/part-00128:Names.S3R:0:27285:73740
170:S3R:big-data-benchmark:pavlo/text/1node/uservisits/part-00003:Names.S3R:0:37595:55405
171:S3R:big-data-benchmark:pavlo/text/1node/uservisits/part-00142:Names.S3R:0:26699:70617
172:S3R:big-data-benchmark:pavlo/text/1node/uservisits/part-00191:Names.S3R:0:25171:68202
173:S3R:big-data-benchmark:pavlo/text/1node/uservisits/part-00170:Names.S3R:0:27230:66762
174:S3R:big-data-benchmark:pavlo/text/1node/uservisits/part-00115:Names.S3R:0:32473:54468
175:S3R:big-data-benchmark:pavlo/text/1node/uservisits/part-00087:Names.S3R:0:34571:52870
176:S3R:big-data-benchmark:pavlo/text/1node/uservisits/part-00038:Names.S3R:0:38457:60103
177:S3R:big-data-benchmark:pavlo/text/1node/uservisits/part-00199:Names.S3R:0:43215:43512
178:S3R:big-data-benchmark:pavlo/text/1node/uservisits/part-00156:Names.S3R:0:31390:76103
179:S3R:big-data-benchmark:pavlo/text/1node/uservisits/part-00163:Names.S3R:0:30729:76541
180:S3R:big-data-benchmark:pavlo/text/1node/uservisits/part-00177:Names.S3R:0:29954:65017
181:S3R:big-data-benchmark:pavlo/text/1node/uservisits/part-00135:Names.S3R:0:34332:82551
182:S3R:big-data-benchmark:pavlo/text/1node/uservisits/part-00045:Names.S3R:0:41509:58677
183:S3R:big-data-benchmark:pavlo/text/1node/uservisits/part-00184:Names.S3R:0:31822:58146
184:S3R:big-data-benchmark:pavlo/text/1node/uservisits/part-00066:Names.S3R:0:41060:58020
185:S3R:big-data-benchmark:pavlo/text/1node/uservisits/part-00059:Names.S3R:0:42506:57734
186:S3R:big-data-benchmark:pavlo/text/1node/uservisits/part-00101:Names.S3R:0:39135:62750
187:S3R:big-data-benchmark:pavlo/text/1node/uservisits/part-00031:Names.S3R:0:46421:76168
188:S3R:big-data-benchmark:pavlo/text/1node/uservisits/part-00017:Names.S3R:0:47736:65462
189:S3R:big-data-benchmark:pavlo/text/1node/uservisits/part-00053:Names.S3R:0:44450:46751
190:S3R:big-data-benchmark:pavlo/text/1node/uservisits/part-00094:Names.S3R:0:41104:55524
191:S3R:big-data-benchmark:pavlo/text/1node/uservisits/part-00150:Names.S3R:0:37439:45021
192:S3R:big-data-benchmark:pavlo/text/1node/uservisits/part-00010:Names.S3R:0:48462:54563
193:S3R:big-data-benchmark:pavlo/text/1node/uservisits/part-00073:Names.S3R:0:43777:66791
194:S3R:big-data-benchmark:pavlo/text/1node/uservisits/part-00024:Names.S3R:0:48054:61329
195:S3R:big-data-benchmark:pavlo/text/1node/uservisits/part-00129:Names.S3R:0:40221:60804
196:S3R:big-data-benchmark:pavlo/text/1node/uservisits/part-00122:Names.S3R:0:40371:53345
197:S3R:big-data-benchmark:pavlo/text/1node/uservisits/part-00080:Names.S3R:0:43806:54126
198:S3R:big-data-benchmark:pavlo/text/1node/uservisits/part-00143:Names.S3R:0:39826:57490
199:S3R:big-data-benchmark:pavlo/text/1node/uservisits/part-00004:Names.S3R:0:51892:41108
200:S3R:big-data-benchmark:pavlo/text/1node/uservisits/part-00108:Names.S3R:0:43746:55514
201:S3R:big-data-benchmark:pavlo/text/1node/uservisits/part-00192:Names.S3R:0:38606:54767
202:S3R:big-data-benchmark:pavlo/text/1node/uservisits/part-00116:Names.S3R:0:44854:42087
203:S3R:big-data-benchmark:pavlo/text/1node/uservisits/part-00088:Names.S3R:0:47968:39473
204:S3R:big-data-benchmark:pavlo/text/1node/uservisits/part-00171:Names.S3R:0:42338:51654
205:S3R:big-data-benchmark:pavlo/text/1node/uservisits/part-00039:Names.S3R:0:52238:46322
206:S3R:big-data-benchmark:pavlo/text/1node/uservisits/part-00164:Names.S3R:0:43355:63915
207:S3R:big-data-benchmark:pavlo/text/1node/uservisits/part-00200:Names.S3R:0:56833:29894
208:S3R:big-data-benchmark:pavlo/text/1node/uservisits/part-00178:Names.S3R:0:42858:52113
209:S3R:big-data-benchmark:pavlo/text/1node/uservisits/part-00046:Names.S3R:0:53819:46367
210:S3R:big-data-benchmark:pavlo/text/1node/uservisits/part-00136:Names.S3R:0:47117:69766
211:S3R:big-data-benchmark:pavlo/text/1node/uservisits/part-00067:Names.S3R:0:54272:44808
212:S3R:big-data-benchmark:pavlo/text/1node/uservisits/part-00157:Names.S3R:0:48755:58738
213:S3R:big-data-benchmark:pavlo/text/1node/uservisits/part-00151:Names.S3R:0:49862:32598
214:S3R:big-data-benchmark:pavlo/text/1node/uservisits/part-00185:Names.S3R:0:48340:41628
215:S3R:big-data-benchmark:pavlo/text/1node/uservisits/part-00011:Names.S3R:0:61687:41338
216:S3R:big-data-benchmark:pavlo/text/1node/uservisits/part-00095:Names.S3R:0:54525:42103
217:S3R:big-data-benchmark:pavlo/text/1node/uservisits/part-00060:Names.S3R:0:58338:41902
218:S3R:big-data-benchmark:pavlo/text/1node/uservisits/part-00054:Names.S3R:0:58764:32437
219:S3R:big-data-benchmark:pavlo/text/1node/uservisits/part-00081:Names.S3R:0:56546:41386
220:S3R:big-data-benchmark:pavlo/text/1node/uservisits/part-00102:Names.S3R:0:55432:46453
221:S3R:big-data-benchmark:pavlo/text/1node/uservisits/part-00025:Names.S3R:0:61965:47418
222:S3R:big-data-benchmark:pavlo/text/1node/uservisits/part-00074:Names.S3R:0:58260:52308
223:S3R:big-data-benchmark:pavlo/text/1node/uservisits/part-00130:Names.S3R:0:54450:46575
224:S3R:big-data-benchmark:pavlo/text/1node/uservisits/part-00123:Names.S3R:0:54573:39143
225:S3R:big-data-benchmark:pavlo/text/1node/uservisits/part-00005:Names.S3R:0:64996:28004
226:S3R:big-data-benchmark:pavlo/text/1node/uservisits/part-00032:Names.S3R:0:62530:60059
227:S3R:big-data-benchmark:pavlo/text/1node/uservisits/part-00117:Names.S3R:0:56406:30535
228:S3R:big-data-benchmark:pavlo/text/1node/uservisits/part-00018:Names.S3R:0:64631:48567
229:S3R:big-data-benchmark:pavlo/text/1node/uservisits/part-00144:Names.S3R:0:54754:42562
230:S3R:big-data-benchmark:pavlo/text/1node/uservisits/part-00186:Names.S3R:0:51931:38037
231:S3R:big-data-benchmark:pavlo/text/1node/uservisits/part-00193:Names.S3R:0:51493:41880
232:S3R:big-data-benchmark:pavlo/text/1node/uservisits/part-00109:Names.S3R:0:57262:41998
233:S3R:big-data-benchmark:pavlo/text/1node/uservisits/part-00172:Names.S3R:0:53952:40040
234:S3R:big-data-benchmark:pavlo/text/1node/uservisits/part-00089:Names.S3R:0:60225:27216
235:S3R:big-data-benchmark:pavlo/text/1node/uservisits/part-00179:Names.S3R:0:55013:39958
236:S3R:big-data-benchmark:pavlo/text/1node/uservisits/part-00201:Names.S3R:0:69729:16998
237:S3R:big-data-benchmark:pavlo/text/1node/uservisits/part-00047:Names.S3R:0:67521:32665
238:S3R:big-data-benchmark:pavlo/text/1node/uservisits/part-00165:Names.S3R:0:58693:48577
239:S3R:big-data-benchmark:pavlo/text/1node/uservisits/part-00040:Names.S3R:0:68854:29706
240:S3R:big-data-benchmark:pavlo/text/1node/uservisits/part-00137:Names.S3R:0:64204:52679
241:S3R:big-data-benchmark:pavlo/text/1node/uservisits/part-00158:Names.S3R:0:63143:44350
242:S3R:big-data-benchmark:pavlo/text/1node/uservisits/part-00068:Names.S3R:0:69970:29110
243:S3R:big-data-benchmark:pavlo/text/1node/uservisits/part-00012:Names.S3R:0:75714:27311
244:S3R:big-data-benchmark:pavlo/text/1node/uservisits/part-00152:Names.S3R:0:64841:17619
245:S3R:big-data-benchmark:pavlo/text/1node/uservisits/part-00082:Names.S3R:0:69851:28081
246:S3R:big-data-benchmark:pavlo/text/1node/uservisits/part-00096:Names.S3R:0:69035:27593
247:S3R:big-data-benchmark:pavlo/text/1node/uservisits/part-00124:Names.S3R:0:66935:26781
248:S3R:big-data-benchmark:pavlo/text/1node/uservisits/part-00026:Names.S3R:0:75138:34245
249:S3R:big-data-benchmark:pavlo/text/1node/uservisits/part-00187:Names.S3R:0:63240:26728
250:S3R:big-data-benchmark:pavlo/text/1node/uservisits/part-00006:Names.S3R:0:77673:15327
251:S3R:big-data-benchmark:pavlo/text/1node/uservisits/part-00118:Names.S3R:0:68350:18591
252:S3R:big-data-benchmark:pavlo/text/1node/uservisits/part-00061:Names.S3R:0:73584:26656
253:S3R:big-data-benchmark:pavlo/text/1node/uservisits/part-00055:Names.S3R:0:73874:17327
254:S3R:big-data-benchmark:pavlo/text/1node/uservisits/part-00110:Names.S3R:0:69416:29844
255:S3R:big-data-benchmark:pavlo/text/1node/uservisits/part-00145:Names.S3R:0:67686:29630
256:S3R:big-data-benchmark:pavlo/text/1node/uservisits/part-00103:Names.S3R:0:71299:30586
257:S3R:big-data-benchmark:pavlo/text/1node/uservisits/part-00194:Names.S3R:0:64799:28574
258:S3R:big-data-benchmark:pavlo/text/1node/uservisits/part-00075:Names.S3R:0:73455:37113
259:S3R:big-data-benchmark:pavlo/text/1node/uservisits/part-00153:Names.S3R:0:68099:14361
260:S3R:big-data-benchmark:pavlo/text/1node/uservisits/part-00173:Names.S3R:0:66974:27018
261:S3R:big-data-benchmark:pavlo/text/1node/uservisits/part-00180:Names.S3R:0:66297:28674
262:S3R:big-data-benchmark:pavlo/text/1node/uservisits/part-00090:Names.S3R:0:73168:14273
263:S3R:big-data-benchmark:pavlo/text/1node/uservisits/part-00131:Names.S3R:0:72012:29013
264:S3R:big-data-benchmark:pavlo/text/1node/uservisits/part-00019:Names.S3R:0:82211:30987
265:S3W:spot-mr-bkt:job4000/task/mapper/0:Names.S3W:0:85089:1638
266:S3R:big-data-benchmark:pavlo/text/1node/uservisits/part-00033:Names.S3R:0:83310:39279
267:S3R:big-data-benchmark:pavlo/text/1node/uservisits/part-00048:Names.S3R:0:82841:17345
268:S3R:big-data-benchmark:pavlo/text/1node/uservisits/part-00041:Names.S3R:0:83675:14885
269:S3R:big-data-benchmark:pavlo/text/1node/uservisits/part-00125:Names.S3R:0:77490:16226
270:S3R:big-data-benchmark:pavlo/text/1node/uservisits/part-00166:Names.S3R:0:75433:31837
271:S3R:big-data-benchmark:pavlo/text/1node/uservisits/part-00013:Names.S3R:0:87693:15332
272:S3R:big-data-benchmark:pavlo/text/1node/uservisits/part-00188:Names.S3R:0:74461:15507
273:S3R:big-data-benchmark:pavlo/text/1node/uservisits/part-00083:Names.S3R:0:82521:15411
274:S3R:big-data-benchmark:pavlo/text/1node/uservisits/part-00159:Names.S3R:0:77650:29843
275:S3R:big-data-benchmark:pavlo/text/1node/uservisits/part-00097:Names.S3R:0:81584:15044
276:S3R:big-data-benchmark:pavlo/text/1node/uservisits/part-00146:Names.S3R:0:79842:17474
277:S3R:big-data-benchmark:pavlo/text/1node/uservisits/part-00076:Names.S3R:0:84961:25607
278:S3W:spot-mr-bkt:job4000/task/mapper/1:Names.S3W:0:91529:1471
279:S3R:big-data-benchmark:pavlo/text/1node/uservisits/part-00062:Names.S3R:0:86747:13493
280:S3R:big-data-benchmark:pavlo/text/1node/uservisits/part-00174:Names.S3R:0:78488:15504
281:S3R:big-data-benchmark:pavlo/text/1node/uservisits/part-00027:Names.S3R:0:89461:19922
282:FN:reducerCoordinator:2136a751-8078-11e7-b6e8-bb632643885c:Names.FN:1227:1539:0
283:S3R:spot-mr-bkt:job4000/jobinfo.json:Names.S3R:0:558:981
284:S3R:spot-mr-bkt:job4000:Names.S3R:0:940:599
285:S3R:big-data-benchmark:pavlo/text/1node/uservisits/part-00195:Names.S3R:0:77929:15444
286:S3R:big-data-benchmark:pavlo/text/1node/uservisits/part-00111:Names.S3R:0:83667:15593
287:S3R:big-data-benchmark:pavlo/text/1node/uservisits/part-00069:Names.S3R:0:87103:11977
288:S3R:big-data-benchmark:pavlo/text/1node/uservisits/part-00138:Names.S3R:0:82172:34711
289:S3W:spot-mr-bkt:job4000/task/mapper/22:Names.S3W:0:81623:837
290:S3W:spot-mr-bkt:job4000/task/mapper/13:Names.S3W:0:86756:685
291:S3W:spot-mr-bkt:job4000/task/mapper/17:Names.S3W:0:85053:1888
292:S3R:big-data-benchmark:pavlo/text/1node/uservisits/part-00181:Names.S3R:0:80496:14475
293:S3W:spot-mr-bkt:job4000/task/mapper/8:Names.S3W:0:89864:1337
294:FN:reducerCoordinator:26292170-8078-11e7-816e-d1469e080a6d:Names.FN:607:900:0
295:S3R:big-data-benchmark:pavlo/text/1node/uservisits/part-00104:Names.S3R:0:86657:15228
296:S3R:spot-mr-bkt:job4000/jobinfo.json:Names.S3R:0:262:638
297:S3R:spot-mr-bkt:job4000:Names.S3R:0:619:281
298:S3R:big-data-benchmark:pavlo/text/1node/uservisits/part-00132:Names.S3R:0:85347:15678
299:FN:reducerCoordinator:270b91f9-8078-11e7-b7f8-93908a84ed4d:Names.FN:566:779:0
300:S3R:spot-mr-bkt:job4000/jobinfo.json:Names.S3R:0:259:520
301:S3R:spot-mr-bkt:job4000:Names.S3R:0:538:241
302:FN:reducerCoordinator:254d40b2-8078-11e7-91b7-632363e9f93e:Names.FN:1141:1361:0
303:S3R:spot-mr-bkt:job4000/jobinfo.json:Names.S3R:0:459:902
304:S3R:big-data-benchmark:pavlo/text/1node/uservisits/part-00020:Names.S3R:0:96944:16254
305:S3R:spot-mr-bkt:job4000:Names.S3R:0:861:500
306:S3W:spot-mr-bkt:job4000/task/mapper/6:Names.S3W:0:97550:1010
307:S3W:spot-mr-bkt:job4000/task/mapper/18:Names.S3W:0:91272:2444
308:FN:reducerCoordinator:26514388-8078-11e7-a38d-85404ed2850a:Names.FN:2080:2459:0
309:S3W:spot-mr-bkt:job4000/task/mapper/27:Names.S3W:0:88293:1675
310:FN:reducerCoordinator:2acb80bc-8078-11e7-a59e-81751abc77d9:Names.FN:539:741:0
311:S3R:spot-mr-bkt:job4000/jobinfo.json:Names.S3R:0:259:482
312:S3W:spot-mr-bkt:job4000/task/mapper/2:Names.S3W:0:101909:1116
313:S3W:spot-mr-bkt:job4000/task/mapper/14:Names.S3W:0:94925:1703
314:S3R:spot-mr-bkt:job4000:Names.S3R:0:519:222
315:S3W:spot-mr-bkt:job4000/task/mapper/7:Names.S3W:0:99295:891
316:S3R:spot-mr-bkt:job4000/jobinfo.json:Names.S3R:0:1158:1301
317:S3R:big-data-benchmark:pavlo/text/1node/uservisits/part-00160:Names.S3R:0:91307:16186
318:FN:reducerCoordinator:27469f71-8078-11e7-8823-71428f6f0488:Names.FN:1879:2258:0
319:S3W:spot-mr-bkt:job4000/task/mapper/9:Names.S3W:0:98711:1529
320:S3W:spot-mr-bkt:job4000/task/mapper/12:Names.S3W:0:96788:1144
321:S3R:big-data-benchmark:pavlo/text/1node/uservisits/part-00167:Names.S3R:0:90966:16304
322:S3W:spot-mr-bkt:job4000/task/mapper/10:Names.S3W:0:98141:939
323:S3R:spot-mr-bkt:job4000:Names.S3R:0:1739:720
324:FN:reducerCoordinator:2bd77213-8078-11e7-910b-2153d11c4b40:Names.FN:559:820:0
325:S3R:spot-mr-bkt:job4000/jobinfo.json:Names.S3R:0:998:1260
326:S3R:spot-mr-bkt:job4000/jobinfo.json:Names.S3R:0:259:561
327:FN:reducerCoordinator:2be9c210-8078-11e7-88e4-1f6dc9b15c3d:Names.FN:1078:1383:0
328:S3R:spot-mr-bkt:job4000:Names.S3R:0:520:300
329:S3R:spot-mr-bkt:job4000:Names.S3R:0:1498:760
330:S3R:spot-mr-bkt:job4000/jobinfo.json:Names.S3R:0:400:983
331:FN:reducerCoordinator:2c3ee70c-8078-11e7-a0fc-b3b4c0f773fd:Names.FN:761:1101:0
332:S3R:spot-mr-bkt:job4000/jobinfo.json:Names.S3R:0:341:760
333:S3R:spot-mr-bkt:job4000:Names.S3R:0:803:580
334:FN:reducerCoordinator:2c677d72-8078-11e7-a533-453e1096515c:Names.FN:583:802:0
335:S3R:spot-mr-bkt:job4000/jobinfo.json:Names.S3R:0:260:542
336:S3R:spot-mr-bkt:job4000:Names.S3R:0:739:362
337:S3R:spot-mr-bkt:job4000:Names.S3R:0:462:340
338:S3W:spot-mr-bkt:job4000/task/mapper/25:Names.S3W:0:93034:958
339:S3W:spot-mr-bkt:job4000/task/mapper/21:Names.S3W:0:94982:2334
340:S3W:spot-mr-bkt:job4000/task/mapper/28:Names.S3W:0:91727:1646
341:S3W:spot-mr-bkt:job4000/task/mapper/16:Names.S3W:0:97490:1770
342:FN:reducerCoordinator:2dbe8201-8078-11e7-b588-356792dc7c22:Names.FN:521:741:0
343:S3R:spot-mr-bkt:job4000/jobinfo.json:Names.S3R:0:221:520
344:S3R:spot-mr-bkt:job4000:Names.S3R:0:460:281
345:S3W:spot-mr-bkt:job4000/task/mapper/26:Names.S3W:0:94351:620
346:FN:reducerCoordinator:2e69405f-8078-11e7-a1a2-fd315cecdfd0:Names.FN:581:801:0
347:S3R:spot-mr-bkt:job4000/jobinfo.json:Names.S3R:0:220:581
348:FN:reducerCoordinator:2e89248a-8078-11e7-94ab-4dae1d0ce804:Names.FN:878:1160:0
349:FN:reducerCoordinator:2e961da9-8078-11e7-a008-55d045c06ff3:Names.FN:700:958:0
350:S3R:big-data-benchmark:pavlo/text/1node/uservisits/part-00139:Names.S3R:0:97869:19014
351:S3R:spot-mr-bkt:job4000:Names.S3R:0:460:341
352:S3R:spot-mr-bkt:job4000/jobinfo.json:Names.S3R:0:259:699
353:S3R:spot-mr-bkt:job4000/jobinfo.json:Names.S3R:0:318:842
354:FN:reducerCoordinator:2ed04078-8078-11e7-ab9a-2fad6bf352d7:Names.FN:1140:1520:0
355:S3R:spot-mr-bkt:job4000:Names.S3R:0:600:560
356:S3R:spot-mr-bkt:job4000:Names.S3R:0:557:401
357:S3W:spot-mr-bkt:job4000/task/mapper/15:Names.S3W:0:101313:572
358:S3R:spot-mr-bkt:job4000/jobinfo.json:Names.S3R:0:357:1163
359:S3R:big-data-benchmark:pavlo/text/1node/uservisits/part-00034:Names.S3R:0:107401:15188
360:S3R:spot-mr-bkt:job4000:Names.S3R:0:900:620
361:S3W:spot-mr-bkt:job4000/task/mapper/4:Names.S3W:0:108288:1095
362:S3W:spot-mr-bkt:job4000/task/mapper/19:Names.S3W:0:100483:542
363:FN:reducerCoordinator:2c8d0673-8078-11e7-bc26-612337b1822f:Names.FN:1483:1739:0
364:FN:reducerCoordinator:2f8d753f-8078-11e7-9ec0-37b64d51ae01:Names.FN:1217:1638:0
365:FN:reducerCoordinator:2c62747d-8078-11e7-a2fe-3333ffa3d6d1:Names.FN:1405:1738:0
366:FN:reducerCoordinator:2bfed0f6-8078-11e7-b4ab-d9c60491cce2:Names.FN:1748:2158:0
367:S3R:spot-mr-bkt:job4000/jobinfo.json:Names.S3R:0:498:1140
368:FN:reducerCoordinator:30348a9d-8078-11e7-9b6a-1783613f4cbf:Names.FN:1087:1579:0
369:FN:reducerCoordinator:2c594c67-8078-11e7-814b-59c99224fa5d:Names.FN:1700:2023:0
370:S3R:spot-mr-bkt:job4000/jobinfo.json:Names.S3R:0:659:1080
371:S3R:spot-mr-bkt:job4000/jobinfo.json:Names.S3R:0:659:1079
372:FN:reducerCoordinator:306fe5d4-8078-11e7-bd26-03861b9f6730:Names.FN:528:778:0
373:S3R:spot-mr-bkt:job4000/jobinfo.json:Names.S3R:0:239:539
374:S3R:spot-mr-bkt:job4000/jobinfo.json:Names.S3R:0:540:1039
375:S3R:spot-mr-bkt:job4000:Names.S3R:0:1038:600
376:S3R:spot-mr-bkt:job4000/jobinfo.json:Names.S3R:0:777:1381
377:S3R:spot-mr-bkt:job4000:Names.S3R:0:1118:621
378:S3R:spot-mr-bkt:job4000:Names.S3R:0:1041:697
379:S3R:spot-mr-bkt:job4000:Names.S3R:0:459:319
380:S3R:spot-mr-bkt:job4000/jobinfo.json:Names.S3R:0:819:1204
381:S3R:spot-mr-bkt:job4000:Names.S3R:0:1038:541
382:S3R:spot-mr-bkt:job4000:Names.S3R:0:1457:701
383:S3R:spot-mr-bkt:job4000:Names.S3R:0:1360:663
384:S3W:spot-mr-bkt:job4000/task/mapper/3:Names.S3W:0:111839:1359
385:FN:reducerCoordinator:322473dc-8078-11e7-b259-09d0226d8a99:Names.FN:699:958:0
386:S3R:spot-mr-bkt:job4000/jobinfo.json:Names.S3R:0:261:697
387:S3R:spot-mr-bkt:job4000:Names.S3R:0:560:398
388:S3W:spot-mr-bkt:job4000/task/mapper/11:Names.S3W:0:109278:1290
389:FN:reducerCoordinator:33920dbd-8078-11e7-9b84-9520466e0d48:Names.FN:798:1039:0
390:S3R:spot-mr-bkt:job4000/jobinfo.json:Names.S3R:0:241:798
391:S3R:spot-mr-bkt:job4000:Names.S3R:0:600:439
392:S3W:spot-mr-bkt:job4000/task/mapper/23:Names.S3W:0:106037:1456
393:S3W:spot-mr-bkt:job4000/task/mapper/24:Names.S3W:0:106516:754
394:FN:reducerCoordinator:352bc051-8078-11e7-88e4-1f6dc9b15c3d:Names.FN:1215:1619:0
395:S3R:spot-mr-bkt:job4000/jobinfo.json:Names.S3R:0:461:1158
396:FN:reducerCoordinator:35760fe1-8078-11e7-9bbb-e91c5de66279:Names.FN:1760:2279:0
397:S3R:spot-mr-bkt:job4000/jobinfo.json:Names.S3R:0:597:1682
398:S3R:spot-mr-bkt:job4000:Names.S3R:0:979:640
399:S3R:spot-mr-bkt:job4000:Names.S3R:0:1337:942
400:S3W:spot-mr-bkt:job4000/task/mapper/5:Names.S3W:0:120935:1654
401:FN:reducerCoordinator:3885c146-8078-11e7-b2f0-eb41f4f9c914:Names.FN:562:802:0
402:S3R:spot-mr-bkt:job4000/jobinfo.json:Names.S3R:0:240:562
403:S3R:spot-mr-bkt:job4000:Names.S3R:0:461:341
404:S3W:spot-mr-bkt:job4000/task/mapper/20:Names.S3W:0:115306:1577
405:FN:reducerCoordinator:3a0d9976-8078-11e7-ae71-c5642cdb78fd:Names.FN:1320:1579:0
406:S3R:spot-mr-bkt:job4000/jobinfo.json:Names.S3R:0:259:1320
407:S3R:spot-mr-bkt:job4000:Names.S3R:0:499:1080
408:INV:reducer:Names.INV:0:781:798
409:S3W:spot-mr-bkt:job4000/reducerstate.1:Names.S3W:0:1201:378
410:FN:reducer:3ae3aeae-8078-11e7-8823-71428f6f0488:Names.FN:73827:73862:0
411:S3R:spot-mr-bkt:job4000/task/mapper/0:Names.S3R:0:41:73821
412:S3R:spot-mr-bkt:job4000/task/mapper/1:Names.S3R:0:1660:72202
413:S3R:spot-mr-bkt:job4000/task/mapper/10:Names.S3R:0:3573:70289
414:S3R:spot-mr-bkt:job4000/task/mapper/11:Names.S3R:0:5519:68343
415:S3R:spot-mr-bkt:job4000/task/mapper/12:Names.S3R:0:7547:66315
416:S3R:spot-mr-bkt:job4000/task/mapper/13:Names.S3R:0:9626:64236
417:S3R:spot-mr-bkt:job4000/task/mapper/14:Names.S3R:0:11558:62304
418:S3R:spot-mr-bkt:job4000/task/mapper/15:Names.S3R:0:13541:60321
419:S3R:spot-mr-bkt:job4000/task/mapper/16:Names.S3R:0:15515:58347
420:S3R:spot-mr-bkt:job4000/task/mapper/17:Names.S3R:0:17762:56100
421:S3R:spot-mr-bkt:job4000/task/mapper/18:Names.S3R:0:19691:54171
422:S3R:spot-mr-bkt:job4000/task/mapper/19:Names.S3R:0:21725:52137
423:S3R:spot-mr-bkt:job4000/task/mapper/2:Names.S3R:0:23708:50154
424:S3R:spot-mr-bkt:job4000/task/mapper/20:Names.S3R:0:25707:48155
425:S3R:spot-mr-bkt:job4000/task/mapper/21:Names.S3R:0:27697:46165
426:S3R:spot-mr-bkt:job4000/task/mapper/22:Names.S3R:0:29663:44199
427:S3R:spot-mr-bkt:job4000/task/mapper/23:Names.S3R:0:31542:42320
428:S3R:spot-mr-bkt:job4000/task/mapper/24:Names.S3R:0:33616:40246
429:S3R:spot-mr-bkt:job4000/task/mapper/25:Names.S3R:0:35750:38112
430:S3R:spot-mr-bkt:job4000/task/mapper/26:Names.S3R:0:37883:35979
431:S3R:spot-mr-bkt:job4000/task/mapper/27:Names.S3R:0:39851:34011
432:S3R:spot-mr-bkt:job4000/task/mapper/28:Names.S3R:0:41735:32127
433:S3R:spot-mr-bkt:job4000/task/mapper/3:Names.S3R:0:43838:30024
434:S3R:spot-mr-bkt:job4000/task/mapper/4:Names.S3R:0:45866:27996
435:S3R:spot-mr-bkt:job4000/task/mapper/5:Names.S3R:0:47926:25936
436:S3R:spot-mr-bkt:job4000/task/mapper/6:Names.S3R:0:49959:23903
437:S3R:spot-mr-bkt:job4000/task/mapper/7:Names.S3R:0:53758:20104
438:S3R:spot-mr-bkt:job4000/task/mapper/8:Names.S3R:0:55770:18092
439:S3R:spot-mr-bkt:job4000/task/mapper/9:Names.S3R:0:57833:16029
440:S3W:spot-mr-bkt:job4000/result:Names.S3W:0:64010:9852
441:S3W:spot-mr-bkt:job4000/task/reducer/done:Names.S3W:0:70681:3181
442:FN:reducerCoordinator:673b9c0e-8078-11e7-a008-55d045c06ff3:Names.FN:1199:1557:0
443:S3R:spot-mr-bkt:job4000/jobinfo.json:Names.S3R:0:516:1041
444:S3R:spot-mr-bkt:job4000:Names.S3R:0:859:698
